Using pre-set license
Built from '2020.3/staging' branch; Version is '2020.3.0f1 (c7b5465681fb) revision 13088070'; Using compiler version '192528614'; Build Type 'Release'
OS: 'Windows 10 Home; OS build 19042.985; Version 2009; 64bit' Language: 'ja' Physical Memory: 16230 MB
BatchMode: 1, IsHumanControllingUs: 0, StartBugReporterOnCrash: 0, Is64bit: 1, IsPro: 0

 COMMAND LINE ARGUMENTS:
C:\Program Files\Unity\Hub\Editor\2020.3.0f1\Editor\Unity.exe
-adb2
-batchMode
-noUpm
-name
AssetImportWorker0
-projectPath
C:/Users/soma0/OneDrive/デスクトップ/Unity/Change
-logFile
Logs/AssetImportWorker0.log
-srvPort
50599
Successfully changed project path to: C:/Users/soma0/OneDrive/デスクトップ/Unity/Change
C:/Users/soma0/OneDrive/デスクトップ/Unity/Change
Using Asset Import Pipeline V2.
Refreshing native plugins compatible for Editor in 31.98 ms, found 0 plugins.
Preloading 0 native plugins for Editor in 0.00 ms.
Initialize engine version: 2020.3.0f1 (c7b5465681fb)
[Subsystems] Discovering subsystems at path C:/Program Files/Unity/Hub/Editor/2020.3.0f1/Editor/Data/Resources/UnitySubsystems
[Subsystems] Discovering subsystems at path C:/Users/soma0/OneDrive/デスクトップ/Unity/Change/Assets
GfxDevice: creating device client; threaded=0
Direct3D:
    Version:  Direct3D 11.0 [level 11.1]
    Renderer: NVIDIA GeForce RTX 2070 with Max-Q Design (ID=0x1f10)
    Vendor:   
    VRAM:     8031 MB
    Driver:   27.21.14.6627
Initialize mono
Mono path[0] = 'C:/Program Files/Unity/Hub/Editor/2020.3.0f1/Editor/Data/Managed'
Mono path[1] = 'C:/Program Files/Unity/Hub/Editor/2020.3.0f1/Editor/Data/MonoBleedingEdge/lib/mono/unityjit'
Mono config path = 'C:/Program Files/Unity/Hub/Editor/2020.3.0f1/Editor/Data/MonoBleedingEdge/etc'
Using monoOptions --debugger-agent=transport=dt_socket,embedding=1,server=y,suspend=n,address=127.0.0.1:56444
Begin MonoManager ReloadAssembly
Registering precompiled unity dll's ...
Register platform support module: C:/Program Files/Unity/Hub/Editor/2020.3.0f1/Editor/Data/PlaybackEngines/WindowsStandaloneSupport/UnityEditor.WindowsStandalone.Extensions.dll
Registered in 0.001751 seconds.
Native extension for WindowsStandalone target not found
Refreshing native plugins compatible for Editor in 32.75 ms, found 0 plugins.
Preloading 0 native plugins for Editor in 0.00 ms.
Invoked RoslynAnalysisRunner static constructor.
RoslynAnalysisRunner will not be running.
RoslynAnalysisRunner has terminated.
Mono: successfully reloaded assembly
- Completed reload, in  0.884 seconds
Platform modules already initialized, skipping
Registering precompiled user dll's ...
Registered in 0.000773 seconds.
Begin MonoManager ReloadAssembly
Native extension for WindowsStandalone target not found
Refreshing native plugins compatible for Editor in 0.29 ms, found 0 plugins.
Preloading 0 native plugins for Editor in 0.00 ms.
Invoked RoslynAnalysisRunner static constructor.
RoslynAnalysisRunner will not be running.
RoslynAnalysisRunner has terminated.
Mono: successfully reloaded assembly
- Completed reload, in  0.770 seconds
Platform modules already initialized, skipping
========================================================================
Worker process is ready to serve import requests
Launched and connected shader compiler UnityShaderCompiler.exe after 0.04 seconds
Refreshing native plugins compatible for Editor in 0.29 ms, found 0 plugins.
Preloading 0 native plugins for Editor in 0.00 ms.
Unloading 1613 Unused Serialized files (Serialized files now loaded: 0)
System memory in use before: 85.6 MB.
System memory in use after: 85.7 MB.

Unloading 9 unused Assets to reduce memory usage. Loaded Objects now: 2061.
Total: 2.272800 ms (FindLiveObjects: 0.193700 ms CreateObjectMapping: 0.073100 ms MarkObjects: 1.933800 ms  DeleteObjects: 0.071300 ms)

========================================================================
Received Import Request.
  path: Assets/Images/PlayerShadow.png
  artifactKey: Guid(3aa05c82437126d48946ec51a3a95545) Importer(815301076,1909f56bfc062723c751e8b465ee728b)
Start importing Assets/Images/PlayerShadow.png using Guid(3aa05c82437126d48946ec51a3a95545) Importer(815301076,1909f56bfc062723c751e8b465ee728b)  -> (artifact id: '79d5aba9cfcb51a5c7e1f553e9872027') in 0.050182 seconds
  Import took 0.052699 seconds .

========================================================================
Received Import Request.
  Time since last request: 228.608068 seconds.
  path: Assets/Images/PlayerShadow.png
  artifactKey: Guid(3aa05c82437126d48946ec51a3a95545) Importer(815301076,1909f56bfc062723c751e8b465ee728b)
Start importing Assets/Images/PlayerShadow.png using Guid(3aa05c82437126d48946ec51a3a95545) Importer(815301076,1909f56bfc062723c751e8b465ee728b)  -> (artifact id: '06a2328e4d719d178807d2c7b71d7710') in 0.041136 seconds
  Import took 0.044207 seconds .

========================================================================
Received Import Request.
  Time since last request: 24.417642 seconds.
  path: Assets/Images/PlayerShadow.png
  artifactKey: Guid(3aa05c82437126d48946ec51a3a95545) Importer(815301076,1909f56bfc062723c751e8b465ee728b)
Start importing Assets/Images/PlayerShadow.png using Guid(3aa05c82437126d48946ec51a3a95545) Importer(815301076,1909f56bfc062723c751e8b465ee728b)  -> (artifact id: 'ed851bb8b6d2d76d67a45b3194d1dfab') in 0.010708 seconds
  Import took 0.014075 seconds .

========================================================================
Received Import Request.
  Time since last request: 559.426347 seconds.
  path: Assets/Scripts/Stage/PlayerShadow.cs
  artifactKey: Guid(397b7de42b3793b408d71c408f7bf772) Importer(815301076,1909f56bfc062723c751e8b465ee728b)
Start importing Assets/Scripts/Stage/PlayerShadow.cs using Guid(397b7de42b3793b408d71c408f7bf772) Importer(815301076,1909f56bfc062723c751e8b465ee728b)  -> (artifact id: '1eaef2b53730239fdd74808c8f6e6007') in 0.004856 seconds
  Import took 0.008406 seconds .

========================================================================
Received Prepare
Registering precompiled user dll's ...
Registered in 0.000783 seconds.
Begin MonoManager ReloadAssembly
Native extension for WindowsStandalone target not found
Refreshing native plugins compatible for Editor in 0.30 ms, found 0 plugins.
Preloading 0 native plugins for Editor in 0.00 ms.
Invoked RoslynAnalysisRunner static constructor.
RoslynAnalysisRunner will not be running.
RoslynAnalysisRunner has terminated.
Mono: successfully reloaded assembly
- Completed reload, in  0.830 seconds
Platform modules already initialized, skipping
Refreshing native plugins compatible for Editor in 0.30 ms, found 0 plugins.
Preloading 0 native plugins for Editor in 0.00 ms.
Unloading 1551 Unused Serialized files (Serialized files now loaded: 0)
System memory in use before: 84.1 MB.
System memory in use after: 84.2 MB.

Unloading 4 unused Assets to reduce memory usage. Loaded Objects now: 2071.
Total: 1.532800 ms (FindLiveObjects: 0.153900 ms CreateObjectMapping: 0.042000 ms MarkObjects: 1.323700 ms  DeleteObjects: 0.012500 ms)

========================================================================
Received Prepare
Registering precompiled user dll's ...
Registered in 0.001001 seconds.
Begin MonoManager ReloadAssembly
Native extension for WindowsStandalone target not found
Refreshing native plugins compatible for Editor in 0.30 ms, found 0 plugins.
Preloading 0 native plugins for Editor in 0.00 ms.
Invoked RoslynAnalysisRunner static constructor.
RoslynAnalysisRunner will not be running.
RoslynAnalysisRunner has terminated.
Mono: successfully reloaded assembly
- Completed reload, in  0.730 seconds
Platform modules already initialized, skipping
Refreshing native plugins compatible for Editor in 0.30 ms, found 0 plugins.
Preloading 0 native plugins for Editor in 0.00 ms.
Unloading 1551 Unused Serialized files (Serialized files now loaded: 0)
System memory in use before: 84.1 MB.
System memory in use after: 84.2 MB.

Unloading 4 unused Assets to reduce memory usage. Loaded Objects now: 2074.
Total: 1.914300 ms (FindLiveObjects: 0.206500 ms CreateObjectMapping: 0.072900 ms MarkObjects: 1.617900 ms  DeleteObjects: 0.014900 ms)

========================================================================
Received Import Request.
  Time since last request: 793.385746 seconds.
  path: Assets/Scripts/Stage/PlayerShadow.cs
  artifactKey: Guid(397b7de42b3793b408d71c408f7bf772) Importer(815301076,1909f56bfc062723c751e8b465ee728b)
Start importing Assets/Scripts/Stage/PlayerShadow.cs using Guid(397b7de42b3793b408d71c408f7bf772) Importer(815301076,1909f56bfc062723c751e8b465ee728b)  -> (artifact id: 'ef2cf6e87a4613f432c5b79acb98ee31') in 0.003923 seconds
  Import took 0.006453 seconds .

========================================================================
Received Prepare
Registering precompiled user dll's ...
Registered in 0.001115 seconds.
Begin MonoManager ReloadAssembly
Native extension for WindowsStandalone target not found
Refreshing native plugins compatible for Editor in 0.30 ms, found 0 plugins.
Preloading 0 native plugins for Editor in 0.00 ms.
Invoked RoslynAnalysisRunner static constructor.
RoslynAnalysisRunner will not be running.
RoslynAnalysisRunner has terminated.
Mono: successfully reloaded assembly
- Completed reload, in  0.802 seconds
Platform modules already initialized, skipping
Refreshing native plugins compatible for Editor in 0.32 ms, found 0 plugins.
Preloading 0 native plugins for Editor in 0.00 ms.
Unloading 1551 Unused Serialized files (Serialized files now loaded: 0)
System memory in use before: 84.2 MB.
System memory in use after: 84.3 MB.

Unloading 4 unused Assets to reduce memory usage. Loaded Objects now: 2077.
Total: 1.769400 ms (FindLiveObjects: 0.164600 ms CreateObjectMapping: 0.046800 ms MarkObjects: 1.543100 ms  DeleteObjects: 0.013700 ms)

========================================================================
Received Prepare
Registering precompiled user dll's ...
Registered in 0.000799 seconds.
Begin MonoManager ReloadAssembly
Native extension for WindowsStandalone target not found
Refreshing native plugins compatible for Editor in 0.29 ms, found 0 plugins.
Preloading 0 native plugins for Editor in 0.00 ms.
Invoked RoslynAnalysisRunner static constructor.
RoslynAnalysisRunner will not be running.
RoslynAnalysisRunner has terminated.
Mono: successfully reloaded assembly
- Completed reload, in  0.708 seconds
Platform modules already initialized, skipping
Refreshing native plugins compatible for Editor in 0.30 ms, found 0 plugins.
Preloading 0 native plugins for Editor in 0.00 ms.
Unloading 1551 Unused Serialized files (Serialized files now loaded: 0)
System memory in use before: 84.2 MB.
System memory in use after: 84.3 MB.

Unloading 4 unused Assets to reduce memory usage. Loaded Objects now: 2080.
Total: 1.946900 ms (FindLiveObjects: 0.252400 ms CreateObjectMapping: 0.069600 ms MarkObjects: 1.609800 ms  DeleteObjects: 0.014000 ms)

========================================================================
Received Prepare
Registering precompiled user dll's ...
Registered in 0.000900 seconds.
Begin MonoManager ReloadAssembly
Native extension for WindowsStandalone target not found
Refreshing native plugins compatible for Editor in 0.33 ms, found 0 plugins.
Preloading 0 native plugins for Editor in 0.00 ms.
Invoked RoslynAnalysisRunner static constructor.
RoslynAnalysisRunner will not be running.
RoslynAnalysisRunner has terminated.
Mono: successfully reloaded assembly
- Completed reload, in  0.796 seconds
Platform modules already initialized, skipping
Refreshing native plugins compatible for Editor in 0.29 ms, found 0 plugins.
Preloading 0 native plugins for Editor in 0.00 ms.
Unloading 1551 Unused Serialized files (Serialized files now loaded: 0)
System memory in use before: 84.2 MB.
System memory in use after: 84.3 MB.

Unloading 4 unused Assets to reduce memory usage. Loaded Objects now: 2083.
Total: 1.801800 ms (FindLiveObjects: 0.153300 ms CreateObjectMapping: 0.060900 ms MarkObjects: 1.572600 ms  DeleteObjects: 0.013800 ms)

========================================================================
Received Prepare
Registering precompiled user dll's ...
Registered in 0.000788 seconds.
Begin MonoManager ReloadAssembly
Native extension for WindowsStandalone target not found
Refreshing native plugins compatible for Editor in 0.32 ms, found 0 plugins.
Preloading 0 native plugins for Editor in 0.00 ms.
Invoked RoslynAnalysisRunner static constructor.
RoslynAnalysisRunner will not be running.
RoslynAnalysisRunner has terminated.
Mono: successfully reloaded assembly
- Completed reload, in  0.761 seconds
Platform modules already initialized, skipping
Refreshing native plugins compatible for Editor in 0.30 ms, found 0 plugins.
Preloading 0 native plugins for Editor in 0.00 ms.
Unloading 1551 Unused Serialized files (Serialized files now loaded: 0)
System memory in use before: 84.2 MB.
System memory in use after: 84.3 MB.

Unloading 4 unused Assets to reduce memory usage. Loaded Objects now: 2086.
Total: 2.847100 ms (FindLiveObjects: 0.326000 ms CreateObjectMapping: 0.156200 ms MarkObjects: 2.342600 ms  DeleteObjects: 0.020300 ms)

========================================================================
Received Prepare
Registering precompiled user dll's ...
Registered in 0.000847 seconds.
Begin MonoManager ReloadAssembly
Native extension for WindowsStandalone target not found
Refreshing native plugins compatible for Editor in 0.40 ms, found 0 plugins.
Preloading 0 native plugins for Editor in 0.00 ms.
Invoked RoslynAnalysisRunner static constructor.
RoslynAnalysisRunner will not be running.
RoslynAnalysisRunner has terminated.
Mono: successfully reloaded assembly
- Completed reload, in  0.785 seconds
Platform modules already initialized, skipping
Refreshing native plugins compatible for Editor in 0.33 ms, found 0 plugins.
Preloading 0 native plugins for Editor in 0.00 ms.
Unloading 1551 Unused Serialized files (Serialized files now loaded: 0)
System memory in use before: 84.2 MB.
System memory in use after: 84.3 MB.

Unloading 4 unused Assets to reduce memory usage. Loaded Objects now: 2089.
Total: 1.834500 ms (FindLiveObjects: 0.156400 ms CreateObjectMapping: 0.052500 ms MarkObjects: 1.610800 ms  DeleteObjects: 0.013800 ms)

========================================================================
Received Prepare
Registering precompiled user dll's ...
Registered in 0.001279 seconds.
Begin MonoManager ReloadAssembly
Native extension for WindowsStandalone target not found
Refreshing native plugins compatible for Editor in 0.30 ms, found 0 plugins.
Preloading 0 native plugins for Editor in 0.00 ms.
Invoked RoslynAnalysisRunner static constructor.
RoslynAnalysisRunner will not be running.
RoslynAnalysisRunner has terminated.
Mono: successfully reloaded assembly
- Completed reload, in  0.761 seconds
Platform modules already initialized, skipping
Refreshing native plugins compatible for Editor in 0.30 ms, found 0 plugins.
Preloading 0 native plugins for Editor in 0.00 ms.
Unloading 1551 Unused Serialized files (Serialized files now loaded: 0)
System memory in use before: 84.2 MB.
System memory in use after: 84.3 MB.

Unloading 4 unused Assets to reduce memory usage. Loaded Objects now: 2092.
Total: 2.267900 ms (FindLiveObjects: 0.378700 ms CreateObjectMapping: 0.139000 ms MarkObjects: 1.732700 ms  DeleteObjects: 0.015500 ms)

========================================================================
Received Prepare
Registering precompiled user dll's ...
Registered in 0.000800 seconds.
Begin MonoManager ReloadAssembly
Native extension for WindowsStandalone target not found
Refreshing native plugins compatible for Editor in 0.31 ms, found 0 plugins.
Preloading 0 native plugins for Editor in 0.00 ms.
Invoked RoslynAnalysisRunner static constructor.
RoslynAnalysisRunner will not be running.
RoslynAnalysisRunner has terminated.
Mono: successfully reloaded assembly
- Completed reload, in  0.747 seconds
Platform modules already initialized, skipping
Refreshing native plugins compatible for Editor in 0.30 ms, found 0 plugins.
Preloading 0 native plugins for Editor in 0.00 ms.
Unloading 1551 Unused Serialized files (Serialized files now loaded: 0)
System memory in use before: 84.2 MB.
System memory in use after: 84.3 MB.

Unloading 4 unused Assets to reduce memory usage. Loaded Objects now: 2095.
Total: 1.947000 ms (FindLiveObjects: 0.264200 ms CreateObjectMapping: 0.090800 ms MarkObjects: 1.574100 ms  DeleteObjects: 0.016400 ms)

========================================================================
Received Prepare
Registering precompiled user dll's ...
Registered in 0.000773 seconds.
Begin MonoManager ReloadAssembly
Native extension for WindowsStandalone target not found
Refreshing native plugins compatible for Editor in 0.33 ms, found 0 plugins.
Preloading 0 native plugins for Editor in 0.00 ms.
Invoked RoslynAnalysisRunner static constructor.
RoslynAnalysisRunner will not be running.
RoslynAnalysisRunner has terminated.
Mono: successfully reloaded assembly
- Completed reload, in  0.791 seconds
Platform modules already initialized, skipping
Refreshing native plugins compatible for Editor in 0.50 ms, found 0 plugins.
Preloading 0 native plugins for Editor in 0.00 ms.
Unloading 1551 Unused Serialized files (Serialized files now loaded: 0)
System memory in use before: 84.2 MB.
System memory in use after: 84.3 MB.

Unloading 4 unused Assets to reduce memory usage. Loaded Objects now: 2098.
Total: 1.921000 ms (FindLiveObjects: 0.159900 ms CreateObjectMapping: 0.050300 ms MarkObjects: 1.696000 ms  DeleteObjects: 0.014000 ms)

========================================================================
Received Prepare
Registering precompiled user dll's ...
Registered in 0.000765 seconds.
Begin MonoManager ReloadAssembly
Native extension for WindowsStandalone target not found
Refreshing native plugins compatible for Editor in 0.30 ms, found 0 plugins.
Preloading 0 native plugins for Editor in 0.00 ms.
Invoked RoslynAnalysisRunner static constructor.
RoslynAnalysisRunner will not be running.
RoslynAnalysisRunner has terminated.
Mono: successfully reloaded assembly
- Completed reload, in  0.739 seconds
Platform modules already initialized, skipping
Refreshing native plugins compatible for Editor in 0.32 ms, found 0 plugins.
Preloading 0 native plugins for Editor in 0.00 ms.
Unloading 1551 Unused Serialized files (Serialized files now loaded: 0)
System memory in use before: 84.2 MB.
System memory in use after: 84.3 MB.

Unloading 4 unused Assets to reduce memory usage. Loaded Objects now: 2101.
Total: 1.815300 ms (FindLiveObjects: 0.164300 ms CreateObjectMapping: 0.054100 ms MarkObjects: 1.583200 ms  DeleteObjects: 0.013100 ms)

========================================================================
Received Prepare
Registering precompiled user dll's ...
Registered in 0.000823 seconds.
Begin MonoManager ReloadAssembly
Native extension for WindowsStandalone target not found
Refreshing native plugins compatible for Editor in 0.30 ms, found 0 plugins.
Preloading 0 native plugins for Editor in 0.00 ms.
Invoked RoslynAnalysisRunner static constructor.
RoslynAnalysisRunner will not be running.
RoslynAnalysisRunner has terminated.
Mono: successfully reloaded assembly
- Completed reload, in  0.722 seconds
Platform modules already initialized, skipping
Refreshing native plugins compatible for Editor in 0.30 ms, found 0 plugins.
Preloading 0 native plugins for Editor in 0.00 ms.
Unloading 1551 Unused Serialized files (Serialized files now loaded: 0)
System memory in use before: 84.2 MB.
System memory in use after: 84.3 MB.

Unloading 4 unused Assets to reduce memory usage. Loaded Objects now: 2104.
Total: 2.019200 ms (FindLiveObjects: 0.214900 ms CreateObjectMapping: 0.078400 ms MarkObjects: 1.710300 ms  DeleteObjects: 0.014900 ms)

========================================================================
Received Prepare
Registering precompiled user dll's ...
Registered in 0.000734 seconds.
Begin MonoManager ReloadAssembly
Native extension for WindowsStandalone target not found
Refreshing native plugins compatible for Editor in 0.27 ms, found 0 plugins.
Preloading 0 native plugins for Editor in 0.00 ms.
Invoked RoslynAnalysisRunner static constructor.
RoslynAnalysisRunner will not be running.
RoslynAnalysisRunner has terminated.
Mono: successfully reloaded assembly
- Completed reload, in  0.764 seconds
Platform modules already initialized, skipping
Refreshing native plugins compatible for Editor in 0.31 ms, found 0 plugins.
Preloading 0 native plugins for Editor in 0.00 ms.
Unloading 1551 Unused Serialized files (Serialized files now loaded: 0)
System memory in use before: 84.2 MB.
System memory in use after: 84.3 MB.

Unloading 4 unused Assets to reduce memory usage. Loaded Objects now: 2107.
Total: 1.593800 ms (FindLiveObjects: 0.163000 ms CreateObjectMapping: 0.056700 ms MarkObjects: 1.360600 ms  DeleteObjects: 0.012500 ms)

========================================================================
Received Prepare
Registering precompiled user dll's ...
Registered in 0.000850 seconds.
Begin MonoManager ReloadAssembly
Native extension for WindowsStandalone target not found
Refreshing native plugins compatible for Editor in 0.31 ms, found 0 plugins.
Preloading 0 native plugins for Editor in 0.00 ms.
Invoked RoslynAnalysisRunner static constructor.
RoslynAnalysisRunner will not be running.
RoslynAnalysisRunner has terminated.
Mono: successfully reloaded assembly
- Completed reload, in  0.712 seconds
Platform modules already initialized, skipping
Refreshing native plugins compatible for Editor in 0.31 ms, found 0 plugins.
Preloading 0 native plugins for Editor in 0.00 ms.
Unloading 1551 Unused Serialized files (Serialized files now loaded: 0)
System memory in use before: 84.2 MB.
System memory in use after: 84.3 MB.

Unloading 4 unused Assets to reduce memory usage. Loaded Objects now: 2110.
Total: 1.972600 ms (FindLiveObjects: 0.154900 ms CreateObjectMapping: 0.054500 ms MarkObjects: 1.748700 ms  DeleteObjects: 0.013800 ms)

========================================================================
Received Prepare
Registering precompiled user dll's ...
Registered in 0.000804 seconds.
Begin MonoManager ReloadAssembly
Native extension for WindowsStandalone target not found
Refreshing native plugins compatible for Editor in 0.30 ms, found 0 plugins.
Preloading 0 native plugins for Editor in 0.00 ms.
Invoked RoslynAnalysisRunner static constructor.
RoslynAnalysisRunner will not be running.
RoslynAnalysisRunner has terminated.
Mono: successfully reloaded assembly
- Completed reload, in  0.710 seconds
Platform modules already initialized, skipping
Refreshing native plugins compatible for Editor in 0.30 ms, found 0 plugins.
Preloading 0 native plugins for Editor in 0.00 ms.
Unloading 1551 Unused Serialized files (Serialized files now loaded: 0)
System memory in use before: 84.2 MB.
System memory in use after: 84.3 MB.

Unloading 4 unused Assets to reduce memory usage. Loaded Objects now: 2113.
Total: 1.793900 ms (FindLiveObjects: 0.223400 ms CreateObjectMapping: 0.066000 ms MarkObjects: 1.489800 ms  DeleteObjects: 0.014000 ms)

========================================================================
Received Prepare
Registering precompiled user dll's ...
Registered in 0.000799 seconds.
Begin MonoManager ReloadAssembly
Native extension for WindowsStandalone target not found
Refreshing native plugins compatible for Editor in 0.30 ms, found 0 plugins.
Preloading 0 native plugins for Editor in 0.00 ms.
Invoked RoslynAnalysisRunner static constructor.
RoslynAnalysisRunner will not be running.
RoslynAnalysisRunner has terminated.
Mono: successfully reloaded assembly
- Completed reload, in  0.668 seconds
Platform modules already initialized, skipping
Refreshing native plugins compatible for Editor in 0.30 ms, found 0 plugins.
Preloading 0 native plugins for Editor in 0.00 ms.
Unloading 1551 Unused Serialized files (Serialized files now loaded: 0)
System memory in use before: 84.2 MB.
System memory in use after: 84.4 MB.

Unloading 4 unused Assets to reduce memory usage. Loaded Objects now: 2116.
Total: 2.370200 ms (FindLiveObjects: 0.189200 ms CreateObjectMapping: 0.070200 ms MarkObjects: 2.091900 ms  DeleteObjects: 0.017300 ms)

========================================================================
Received Prepare
Registering precompiled user dll's ...
Registered in 0.000784 seconds.
Begin MonoManager ReloadAssembly
Native extension for WindowsStandalone target not found
Refreshing native plugins compatible for Editor in 0.32 ms, found 0 plugins.
Preloading 0 native plugins for Editor in 0.00 ms.
Invoked RoslynAnalysisRunner static constructor.
RoslynAnalysisRunner will not be running.
RoslynAnalysisRunner has terminated.
Mono: successfully reloaded assembly
- Completed reload, in  0.731 seconds
Platform modules already initialized, skipping
Refreshing native plugins compatible for Editor in 0.30 ms, found 0 plugins.
Preloading 0 native plugins for Editor in 0.00 ms.
Unloading 1551 Unused Serialized files (Serialized files now loaded: 0)
System memory in use before: 84.3 MB.
System memory in use after: 84.4 MB.

Unloading 4 unused Assets to reduce memory usage. Loaded Objects now: 2119.
Total: 1.990000 ms (FindLiveObjects: 0.224900 ms CreateObjectMapping: 0.073000 ms MarkObjects: 1.677700 ms  DeleteObjects: 0.013400 ms)

========================================================================
Received Prepare
Registering precompiled user dll's ...
Registered in 0.001138 seconds.
Begin MonoManager ReloadAssembly
Native extension for WindowsStandalone target not found
Refreshing native plugins compatible for Editor in 0.30 ms, found 0 plugins.
Preloading 0 native plugins for Editor in 0.00 ms.
Invoked RoslynAnalysisRunner static constructor.
RoslynAnalysisRunner will not be running.
RoslynAnalysisRunner has terminated.
Mono: successfully reloaded assembly
- Completed reload, in  0.718 seconds
Platform modules already initialized, skipping
Refreshing native plugins compatible for Editor in 0.31 ms, found 0 plugins.
Preloading 0 native plugins for Editor in 0.00 ms.
Unloading 1551 Unused Serialized files (Serialized files now loaded: 0)
System memory in use before: 84.3 MB.
System memory in use after: 84.4 MB.

Unloading 4 unused Assets to reduce memory usage. Loaded Objects now: 2122.
Total: 1.942000 ms (FindLiveObjects: 0.208000 ms CreateObjectMapping: 0.055300 ms MarkObjects: 1.661900 ms  DeleteObjects: 0.015500 ms)

========================================================================
Received Prepare
Registering precompiled user dll's ...
Registered in 0.000814 seconds.
Begin MonoManager ReloadAssembly
Native extension for WindowsStandalone target not found
Refreshing native plugins compatible for Editor in 0.31 ms, found 0 plugins.
Preloading 0 native plugins for Editor in 0.00 ms.
Invoked RoslynAnalysisRunner static constructor.
RoslynAnalysisRunner will not be running.
RoslynAnalysisRunner has terminated.
Mono: successfully reloaded assembly
- Completed reload, in  0.740 seconds
Platform modules already initialized, skipping
Refreshing native plugins compatible for Editor in 0.32 ms, found 0 plugins.
Preloading 0 native plugins for Editor in 0.00 ms.
Unloading 1551 Unused Serialized files (Serialized files now loaded: 0)
System memory in use before: 84.3 MB.
System memory in use after: 84.4 MB.

Unloading 4 unused Assets to reduce memory usage. Loaded Objects now: 2125.
Total: 1.602600 ms (FindLiveObjects: 0.156700 ms CreateObjectMapping: 0.052700 ms MarkObjects: 1.379000 ms  DeleteObjects: 0.013300 ms)

========================================================================
Received Prepare
Registering precompiled user dll's ...
Registered in 0.001072 seconds.
Begin MonoManager ReloadAssembly
Native extension for WindowsStandalone target not found
Refreshing native plugins compatible for Editor in 0.32 ms, found 0 plugins.
Preloading 0 native plugins for Editor in 0.00 ms.
Invoked RoslynAnalysisRunner static constructor.
RoslynAnalysisRunner will not be running.
RoslynAnalysisRunner has terminated.
Mono: successfully reloaded assembly
- Completed reload, in  0.721 seconds
Platform modules already initialized, skipping
Refreshing native plugins compatible for Editor in 0.30 ms, found 0 plugins.
Preloading 0 native plugins for Editor in 0.00 ms.
Unloading 1551 Unused Serialized files (Serialized files now loaded: 0)
System memory in use before: 84.3 MB.
System memory in use after: 84.4 MB.

Unloading 4 unused Assets to reduce memory usage. Loaded Objects now: 2128.
Total: 2.126800 ms (FindLiveObjects: 0.254300 ms CreateObjectMapping: 0.110300 ms MarkObjects: 1.745600 ms  DeleteObjects: 0.015300 ms)

========================================================================
Received Prepare
Registering precompiled user dll's ...
Registered in 0.000790 seconds.
Begin MonoManager ReloadAssembly
Native extension for WindowsStandalone target not found
Refreshing native plugins compatible for Editor in 0.30 ms, found 0 plugins.
Preloading 0 native plugins for Editor in 0.00 ms.
Invoked RoslynAnalysisRunner static constructor.
RoslynAnalysisRunner will not be running.
RoslynAnalysisRunner has terminated.
Mono: successfully reloaded assembly
- Completed reload, in  0.731 seconds
Platform modules already initialized, skipping
Refreshing native plugins compatible for Editor in 0.31 ms, found 0 plugins.
Preloading 0 native plugins for Editor in 0.00 ms.
Unloading 1551 Unused Serialized files (Serialized files now loaded: 0)
System memory in use before: 84.3 MB.
System memory in use after: 84.4 MB.

Unloading 4 unused Assets to reduce memory usage. Loaded Objects now: 2131.
Total: 1.720700 ms (FindLiveObjects: 0.162000 ms CreateObjectMapping: 0.055900 ms MarkObjects: 1.488900 ms  DeleteObjects: 0.013100 ms)

========================================================================
Received Prepare
Registering precompiled user dll's ...
Registered in 0.000826 seconds.
Begin MonoManager ReloadAssembly
Native extension for WindowsStandalone target not found
Refreshing native plugins compatible for Editor in 0.29 ms, found 0 plugins.
Preloading 0 native plugins for Editor in 0.00 ms.
Invoked RoslynAnalysisRunner static constructor.
RoslynAnalysisRunner will not be running.
RoslynAnalysisRunner has terminated.
Mono: successfully reloaded assembly
- Completed reload, in  0.743 seconds
Platform modules already initialized, skipping
Refreshing native plugins compatible for Editor in 0.29 ms, found 0 plugins.
Preloading 0 native plugins for Editor in 0.00 ms.
Unloading 1551 Unused Serialized files (Serialized files now loaded: 0)
System memory in use before: 84.3 MB.
System memory in use after: 84.4 MB.

Unloading 4 unused Assets to reduce memory usage. Loaded Objects now: 2134.
Total: 2.366700 ms (FindLiveObjects: 0.197900 ms CreateObjectMapping: 0.074900 ms MarkObjects: 2.074500 ms  DeleteObjects: 0.018400 ms)

========================================================================
Received Import Request.
  Time since last request: 2995.944213 seconds.
  path: Assets/Scenes/Stage1.unity
  artifactKey: Guid(ae9b6a47e23273d4ab5627efbdc24de2) Importer(815301076,1909f56bfc062723c751e8b465ee728b)
Start importing Assets/Scenes/Stage1.unity using Guid(ae9b6a47e23273d4ab5627efbdc24de2) Importer(815301076,1909f56bfc062723c751e8b465ee728b)  -> (artifact id: 'f7e6031f828b67fe6cda4528357ed93d') in 0.010102 seconds
  Import took 0.012620 seconds .

========================================================================
Received Import Request.
  Time since last request: 103.119276 seconds.
  path: Assets/Scenes/Stage2.unity
  artifactKey: Guid(f1e13c89aa54d22468b841ac77ea4ce1) Importer(815301076,1909f56bfc062723c751e8b465ee728b)
Start importing Assets/Scenes/Stage2.unity using Guid(f1e13c89aa54d22468b841ac77ea4ce1) Importer(815301076,1909f56bfc062723c751e8b465ee728b)  -> (artifact id: 'cf92e5a467585c9692503d23ad0f8068') in 0.010080 seconds
  Import took 0.012520 seconds .

========================================================================
Received Prepare
Registering precompiled user dll's ...
Registered in 0.000968 seconds.
Begin MonoManager ReloadAssembly
Native extension for WindowsStandalone target not found
Refreshing native plugins compatible for Editor in 0.32 ms, found 0 plugins.
Preloading 0 native plugins for Editor in 0.00 ms.
Invoked RoslynAnalysisRunner static constructor.
RoslynAnalysisRunner will not be running.
RoslynAnalysisRunner has terminated.
Mono: successfully reloaded assembly
- Completed reload, in  0.757 seconds
Platform modules already initialized, skipping
Refreshing native plugins compatible for Editor in 0.30 ms, found 0 plugins.
Preloading 0 native plugins for Editor in 0.00 ms.
Unloading 1550 Unused Serialized files (Serialized files now loaded: 0)
System memory in use before: 84.3 MB.
System memory in use after: 84.4 MB.

Unloading 4 unused Assets to reduce memory usage. Loaded Objects now: 2137.
Total: 3.246700 ms (FindLiveObjects: 0.300000 ms CreateObjectMapping: 0.066800 ms MarkObjects: 2.861200 ms  DeleteObjects: 0.015200 ms)

========================================================================
Received Import Request.
  Time since last request: 149.761655 seconds.
  path: Assets/Sounds
  artifactKey: Guid(229ca6ce2a80c8d4b886c8ccc18d736b) Importer(815301076,1909f56bfc062723c751e8b465ee728b)
Start importing Assets/Sounds using Guid(229ca6ce2a80c8d4b886c8ccc18d736b) Importer(815301076,1909f56bfc062723c751e8b465ee728b)  -> (artifact id: '58ac1494ae0db6c3da94fffc7e03e7c2') in 0.006425 seconds
  Import took 0.009589 seconds .

========================================================================
Received Import Request.
  Time since last request: 167.606296 seconds.
  path: Assets/Scenes/Stage2.unity
  artifactKey: Guid(f1e13c89aa54d22468b841ac77ea4ce1) Importer(815301076,1909f56bfc062723c751e8b465ee728b)
Start importing Assets/Scenes/Stage2.unity using Guid(f1e13c89aa54d22468b841ac77ea4ce1) Importer(815301076,1909f56bfc062723c751e8b465ee728b)  -> (artifact id: 'd71face420d9820bff025cf03b1e9d2a') in 0.010533 seconds
  Import took 0.013385 seconds .

========================================================================
Received Import Request.
  Time since last request: 44.806735 seconds.
  path: Assets/Scenes/Stage2.unity
  artifactKey: Guid(f1e13c89aa54d22468b841ac77ea4ce1) Importer(815301076,1909f56bfc062723c751e8b465ee728b)
Start importing Assets/Scenes/Stage2.unity using Guid(f1e13c89aa54d22468b841ac77ea4ce1) Importer(815301076,1909f56bfc062723c751e8b465ee728b)  -> (artifact id: '7f349fa08f2f444cb932257e67e9b9c0') in 0.003158 seconds
  Import took 0.006125 seconds .

========================================================================
Received Import Request.
  Time since last request: 45.502021 seconds.
  path: Assets/Scenes/Stage2.unity
  artifactKey: Guid(f1e13c89aa54d22468b841ac77ea4ce1) Importer(815301076,1909f56bfc062723c751e8b465ee728b)
Start importing Assets/Scenes/Stage2.unity using Guid(f1e13c89aa54d22468b841ac77ea4ce1) Importer(815301076,1909f56bfc062723c751e8b465ee728b)  -> (artifact id: 'df4bc0d44458dd36afbcd84bc2cfc824') in 0.002623 seconds
  Import took 0.005058 seconds .

========================================================================
Received Import Request.
  Time since last request: 8.750946 seconds.
  path: Assets/Scenes/Stage1.unity
  artifactKey: Guid(ae9b6a47e23273d4ab5627efbdc24de2) Importer(815301076,1909f56bfc062723c751e8b465ee728b)
Start importing Assets/Scenes/Stage1.unity using Guid(ae9b6a47e23273d4ab5627efbdc24de2) Importer(815301076,1909f56bfc062723c751e8b465ee728b)  -> (artifact id: 'dd0d4eb15fb2846c730c50206da65555') in 0.003663 seconds
  Import took 0.006546 seconds .

========================================================================
Received Import Request.
  Time since last request: 33.799248 seconds.
  path: Assets/Scenes/Title.unity
  artifactKey: Guid(6c0021f20c3975e4080bda34e23416f5) Importer(815301076,1909f56bfc062723c751e8b465ee728b)
Start importing Assets/Scenes/Title.unity using Guid(6c0021f20c3975e4080bda34e23416f5) Importer(815301076,1909f56bfc062723c751e8b465ee728b)  -> (artifact id: 'b5ab492eb17e8cb16e535fb5c3ccf858') in 0.003712 seconds
  Import took 0.006759 seconds .

========================================================================
Received Import Request.
  Time since last request: 0.562015 seconds.
  path: Assets/Scenes/Stage2.unity
  artifactKey: Guid(f1e13c89aa54d22468b841ac77ea4ce1) Importer(815301076,1909f56bfc062723c751e8b465ee728b)
Start importing Assets/Scenes/Stage2.unity using Guid(f1e13c89aa54d22468b841ac77ea4ce1) Importer(815301076,1909f56bfc062723c751e8b465ee728b)  -> (artifact id: '46ccaf1840f618bcc9e9ac40a668c4ff') in 0.003643 seconds
  Import took 0.007289 seconds .

========================================================================
Received Import Request.
  Time since last request: 19.614205 seconds.
  path: Assets/Scenes/Stage2.unity
  artifactKey: Guid(f1e13c89aa54d22468b841ac77ea4ce1) Importer(815301076,1909f56bfc062723c751e8b465ee728b)
Start importing Assets/Scenes/Stage2.unity using Guid(f1e13c89aa54d22468b841ac77ea4ce1) Importer(815301076,1909f56bfc062723c751e8b465ee728b)  -> (artifact id: '39b7dcada020aaae0eb540d9283f42cb') in 0.003491 seconds
  Import took 0.006272 seconds .

========================================================================
Received Import Request.
  Time since last request: 24.058780 seconds.
  path: Assets/Scenes/Stage2.unity
  artifactKey: Guid(f1e13c89aa54d22468b841ac77ea4ce1) Importer(815301076,1909f56bfc062723c751e8b465ee728b)
Start importing Assets/Scenes/Stage2.unity using Guid(f1e13c89aa54d22468b841ac77ea4ce1) Importer(815301076,1909f56bfc062723c751e8b465ee728b)  -> (artifact id: '980bf541a046b05b3215a5b1f055bc41') in 0.003939 seconds
  Import took 0.007139 seconds .

========================================================================
Received Import Request.
  Time since last request: 0.000907 seconds.
  path: Assets/Scenes/Stage2.unity
  artifactKey: Guid(f1e13c89aa54d22468b841ac77ea4ce1) Importer(815301076,1909f56bfc062723c751e8b465ee728b)
Start importing Assets/Scenes/Stage2.unity using Guid(f1e13c89aa54d22468b841ac77ea4ce1) Importer(815301076,1909f56bfc062723c751e8b465ee728b)  -> (artifact id: '980bf541a046b05b3215a5b1f055bc41') in 0.002879 seconds
  Import took 0.005464 seconds .

========================================================================
Received Import Request.
  Time since last request: 38.643890 seconds.
  path: Assets/Scenes/Stage2.unity
  artifactKey: Guid(f1e13c89aa54d22468b841ac77ea4ce1) Importer(815301076,1909f56bfc062723c751e8b465ee728b)
Start importing Assets/Scenes/Stage2.unity using Guid(f1e13c89aa54d22468b841ac77ea4ce1) Importer(815301076,1909f56bfc062723c751e8b465ee728b)  -> (artifact id: '1a34360608039e2f2a6e6d0e3013be61') in 0.003608 seconds
  Import took 0.006954 seconds .

========================================================================
Received Import Request.
  Time since last request: 0.000589 seconds.
  path: Assets/Scenes/Stage2.unity
  artifactKey: Guid(f1e13c89aa54d22468b841ac77ea4ce1) Importer(815301076,1909f56bfc062723c751e8b465ee728b)
Start importing Assets/Scenes/Stage2.unity using Guid(f1e13c89aa54d22468b841ac77ea4ce1) Importer(815301076,1909f56bfc062723c751e8b465ee728b)  -> (artifact id: '1a34360608039e2f2a6e6d0e3013be61') in 0.002625 seconds
  Import took 0.005439 seconds .

========================================================================
Received Import Request.
  Time since last request: 245.958911 seconds.
  path: Assets/Scenes/Stage2.unity
  artifactKey: Guid(f1e13c89aa54d22468b841ac77ea4ce1) Importer(815301076,1909f56bfc062723c751e8b465ee728b)
Start importing Assets/Scenes/Stage2.unity using Guid(f1e13c89aa54d22468b841ac77ea4ce1) Importer(815301076,1909f56bfc062723c751e8b465ee728b)  -> (artifact id: '5eaee0e5392e7afc6f50d51b804e163b') in 0.003417 seconds
  Import took 0.006771 seconds .

========================================================================
Received Import Request.
  Time since last request: 64.836340 seconds.
  path: Assets/Scenes/Stage1.unity
  artifactKey: Guid(ae9b6a47e23273d4ab5627efbdc24de2) Importer(815301076,1909f56bfc062723c751e8b465ee728b)
Start importing Assets/Scenes/Stage1.unity using Guid(ae9b6a47e23273d4ab5627efbdc24de2) Importer(815301076,1909f56bfc062723c751e8b465ee728b)  -> (artifact id: '5e83bea381cfcefe14bf45e7d6fe3f67') in 0.003187 seconds
  Import took 0.006440 seconds .

========================================================================
Received Import Request.
  Time since last request: 7.666340 seconds.
  path: Assets/Scenes/Stage2.unity
  artifactKey: Guid(f1e13c89aa54d22468b841ac77ea4ce1) Importer(815301076,1909f56bfc062723c751e8b465ee728b)
Start importing Assets/Scenes/Stage2.unity using Guid(f1e13c89aa54d22468b841ac77ea4ce1) Importer(815301076,1909f56bfc062723c751e8b465ee728b)  -> (artifact id: '50a0e2342fc144977394aacffb46d476') in 0.003112 seconds
  Import took 0.006481 seconds .

========================================================================
Received Import Request.
  Time since last request: 58.593617 seconds.
  path: Assets/Scenes/Stage2.unity
  artifactKey: Guid(f1e13c89aa54d22468b841ac77ea4ce1) Importer(815301076,1909f56bfc062723c751e8b465ee728b)
Start importing Assets/Scenes/Stage2.unity using Guid(f1e13c89aa54d22468b841ac77ea4ce1) Importer(815301076,1909f56bfc062723c751e8b465ee728b)  -> (artifact id: 'f0f8004eb46a019035ef763bfe5bffd5') in 0.002483 seconds
  Import took 0.011241 seconds .

========================================================================
Received Import Request.
  Time since last request: 128.529466 seconds.
  path: Assets/Scenes/Stage2.unity
  artifactKey: Guid(f1e13c89aa54d22468b841ac77ea4ce1) Importer(815301076,1909f56bfc062723c751e8b465ee728b)
Start importing Assets/Scenes/Stage2.unity using Guid(f1e13c89aa54d22468b841ac77ea4ce1) Importer(815301076,1909f56bfc062723c751e8b465ee728b)  -> (artifact id: '1f82b50f6badeb27ad6d8c3fc93baa19') in 0.003246 seconds
  Import took 0.006095 seconds .

========================================================================
Received Import Request.
  Time since last request: 49.246285 seconds.
  path: Assets/Scenes/Stage2.unity
  artifactKey: Guid(f1e13c89aa54d22468b841ac77ea4ce1) Importer(815301076,1909f56bfc062723c751e8b465ee728b)
Start importing Assets/Scenes/Stage2.unity using Guid(f1e13c89aa54d22468b841ac77ea4ce1) Importer(815301076,1909f56bfc062723c751e8b465ee728b)  -> (artifact id: 'be5e944c4f4bb79c71ebf911140ef18b') in 0.003242 seconds
  Import took 0.006062 seconds .

========================================================================
Received Import Request.
  Time since last request: 0.000717 seconds.
  path: Assets/Scenes/Stage2.unity
  artifactKey: Guid(f1e13c89aa54d22468b841ac77ea4ce1) Importer(815301076,1909f56bfc062723c751e8b465ee728b)
Start importing Assets/Scenes/Stage2.unity using Guid(f1e13c89aa54d22468b841ac77ea4ce1) Importer(815301076,1909f56bfc062723c751e8b465ee728b)  -> (artifact id: 'be5e944c4f4bb79c71ebf911140ef18b') in 0.002772 seconds
  Import took 0.005650 seconds .

========================================================================
Received Import Request.
  Time since last request: 79.826090 seconds.
  path: Assets/Scenes/Stage2.unity
  artifactKey: Guid(f1e13c89aa54d22468b841ac77ea4ce1) Importer(815301076,1909f56bfc062723c751e8b465ee728b)
Start importing Assets/Scenes/Stage2.unity using Guid(f1e13c89aa54d22468b841ac77ea4ce1) Importer(815301076,1909f56bfc062723c751e8b465ee728b)  -> (artifact id: '2e58d6d6885bfca854756b71a8714402') in 0.002793 seconds
  Import took 0.005460 seconds .

========================================================================
Received Import Request.
  Time since last request: 0.000672 seconds.
  path: Assets/Scenes/Stage2.unity
  artifactKey: Guid(f1e13c89aa54d22468b841ac77ea4ce1) Importer(815301076,1909f56bfc062723c751e8b465ee728b)
Start importing Assets/Scenes/Stage2.unity using Guid(f1e13c89aa54d22468b841ac77ea4ce1) Importer(815301076,1909f56bfc062723c751e8b465ee728b)  -> (artifact id: '2e58d6d6885bfca854756b71a8714402') in 0.002831 seconds
  Import took 0.005416 seconds .

========================================================================
Received Import Request.
  Time since last request: 60.543483 seconds.
  path: Assets/Scenes/Stage1.unity
  artifactKey: Guid(ae9b6a47e23273d4ab5627efbdc24de2) Importer(815301076,1909f56bfc062723c751e8b465ee728b)
Start importing Assets/Scenes/Stage1.unity using Guid(ae9b6a47e23273d4ab5627efbdc24de2) Importer(815301076,1909f56bfc062723c751e8b465ee728b)  -> (artifact id: 'e768a7749d361f4eb000e64e628c4047') in 0.003336 seconds
  Import took 0.006485 seconds .

========================================================================
Received Import Request.
  Time since last request: 0.000789 seconds.
  path: Assets/Scenes/Stage1.unity
  artifactKey: Guid(ae9b6a47e23273d4ab5627efbdc24de2) Importer(815301076,1909f56bfc062723c751e8b465ee728b)
Start importing Assets/Scenes/Stage1.unity using Guid(ae9b6a47e23273d4ab5627efbdc24de2) Importer(815301076,1909f56bfc062723c751e8b465ee728b)  -> (artifact id: 'e768a7749d361f4eb000e64e628c4047') in 0.002837 seconds
  Import took 0.005587 seconds .

========================================================================
Received Import Request.
  Time since last request: 2.496463 seconds.
  path: Assets/Scenes/Stage2.unity
  artifactKey: Guid(f1e13c89aa54d22468b841ac77ea4ce1) Importer(815301076,1909f56bfc062723c751e8b465ee728b)
Start importing Assets/Scenes/Stage2.unity using Guid(f1e13c89aa54d22468b841ac77ea4ce1) Importer(815301076,1909f56bfc062723c751e8b465ee728b)  -> (artifact id: '5d48a821784f7a122660887aeeef8085') in 0.002804 seconds
  Import took 0.005289 seconds .

========================================================================
Received Prepare
Registering precompiled user dll's ...
Registered in 0.000796 seconds.
Begin MonoManager ReloadAssembly
Native extension for WindowsStandalone target not found
Refreshing native plugins compatible for Editor in 0.29 ms, found 0 plugins.
Preloading 0 native plugins for Editor in 0.00 ms.
Invoked RoslynAnalysisRunner static constructor.
RoslynAnalysisRunner will not be running.
RoslynAnalysisRunner has terminated.
Mono: successfully reloaded assembly
- Completed reload, in  0.704 seconds
Platform modules already initialized, skipping
Refreshing native plugins compatible for Editor in 0.32 ms, found 0 plugins.
Preloading 0 native plugins for Editor in 0.00 ms.
Unloading 1550 Unused Serialized files (Serialized files now loaded: 0)
System memory in use before: 84.4 MB.
System memory in use after: 84.5 MB.

Unloading 4 unused Assets to reduce memory usage. Loaded Objects now: 2140.
Total: 1.884600 ms (FindLiveObjects: 0.167700 ms CreateObjectMapping: 0.057000 ms MarkObjects: 1.643300 ms  DeleteObjects: 0.015800 ms)

========================================================================
Received Import Request.
  Time since last request: 261.391545 seconds.
  path: Assets/Scenes/Stage2.unity
  artifactKey: Guid(f1e13c89aa54d22468b841ac77ea4ce1) Importer(815301076,1909f56bfc062723c751e8b465ee728b)
Start importing Assets/Scenes/Stage2.unity using Guid(f1e13c89aa54d22468b841ac77ea4ce1) Importer(815301076,1909f56bfc062723c751e8b465ee728b)  -> (artifact id: '00f2eb79116f4c4eb9826769ce13c569') in 0.013437 seconds
  Import took 0.016036 seconds .

========================================================================
Received Import Request.
  Time since last request: 78.810706 seconds.
  path: Assets/Scenes/Stage2.unity
  artifactKey: Guid(f1e13c89aa54d22468b841ac77ea4ce1) Importer(815301076,1909f56bfc062723c751e8b465ee728b)
Start importing Assets/Scenes/Stage2.unity using Guid(f1e13c89aa54d22468b841ac77ea4ce1) Importer(815301076,1909f56bfc062723c751e8b465ee728b)  -> (artifact id: 'cf983ee2324cee97190890fd47f17e4b') in 0.002676 seconds
  Import took 0.005350 seconds .

========================================================================
Received Import Request.
  Time since last request: 2.691073 seconds.
  path: Assets/Materials/Light.mat
  artifactKey: Guid(57d5cd6551180554c9e5beed8fcafed1) Importer(815301076,1909f56bfc062723c751e8b465ee728b)
Start importing Assets/Materials/Light.mat using Guid(57d5cd6551180554c9e5beed8fcafed1) Importer(815301076,1909f56bfc062723c751e8b465ee728b)  -> (artifact id: 'f1ae8a9e611b74f7b1109113ed8c3cda') in 0.068285 seconds
  Import took 0.071147 seconds .

========================================================================
Received Import Request.
  Time since last request: 0.000355 seconds.
  path: Assets/Materials/Player.mat
  artifactKey: Guid(5f9ff80983c00624491a9f2a2b1e144a) Importer(815301076,1909f56bfc062723c751e8b465ee728b)
Start importing Assets/Materials/Player.mat using Guid(5f9ff80983c00624491a9f2a2b1e144a) Importer(815301076,1909f56bfc062723c751e8b465ee728b)  -> (artifact id: 'af109e25948d0bf78968654f29984fc8') in 0.020990 seconds
  Import took 0.023621 seconds .

========================================================================
Received Import Request.
  Time since last request: 0.000466 seconds.
  path: Assets/Materials/OrangeLight.mat
  artifactKey: Guid(aee114352e1992d44abb4ff963c6e718) Importer(815301076,1909f56bfc062723c751e8b465ee728b)
Start importing Assets/Materials/OrangeLight.mat using Guid(aee114352e1992d44abb4ff963c6e718) Importer(815301076,1909f56bfc062723c751e8b465ee728b)  -> (artifact id: 'a2b90936e96b169b2a21168d4f971b03') in 0.009267 seconds
  Import took 0.012491 seconds .

========================================================================
Received Import Request.
  Time since last request: 3.237249 seconds.
  path: Assets/Materials/Assets/Concrete textures pack/pattern 01/Concrete pattern 01.mat
  artifactKey: Guid(9447935ca27fed54c9c28112b77d5908) Importer(815301076,1909f56bfc062723c751e8b465ee728b)
Start importing Assets/Materials/Assets/Concrete textures pack/pattern 01/Concrete pattern 01.mat using Guid(9447935ca27fed54c9c28112b77d5908) Importer(815301076,1909f56bfc062723c751e8b465ee728b)  -> (artifact id: '70df9f06af2301763f4d4edc502ced8d') in 0.015930 seconds
  Import took 0.018728 seconds .

========================================================================
Received Prepare
Registering precompiled user dll's ...
Registered in 0.001169 seconds.
Begin MonoManager ReloadAssembly
Native extension for WindowsStandalone target not found
Refreshing native plugins compatible for Editor in 0.30 ms, found 0 plugins.
Preloading 0 native plugins for Editor in 0.00 ms.
Invoked RoslynAnalysisRunner static constructor.
RoslynAnalysisRunner will not be running.
RoslynAnalysisRunner has terminated.
Mono: successfully reloaded assembly
- Completed reload, in  0.691 seconds
Platform modules already initialized, skipping
Refreshing native plugins compatible for Editor in 0.30 ms, found 0 plugins.
Preloading 0 native plugins for Editor in 0.00 ms.
Unloading 1550 Unused Serialized files (Serialized files now loaded: 0)
System memory in use before: 84.7 MB.
System memory in use after: 84.8 MB.

Unloading 4 unused Assets to reduce memory usage. Loaded Objects now: 2180.
Total: 1.770600 ms (FindLiveObjects: 0.176000 ms CreateObjectMapping: 0.056300 ms MarkObjects: 1.523700 ms  DeleteObjects: 0.013700 ms)

========================================================================
Received Prepare
Registering precompiled user dll's ...
Registered in 0.000812 seconds.
Begin MonoManager ReloadAssembly
Native extension for WindowsStandalone target not found
Refreshing native plugins compatible for Editor in 0.33 ms, found 0 plugins.
Preloading 0 native plugins for Editor in 0.00 ms.
Invoked RoslynAnalysisRunner static constructor.
RoslynAnalysisRunner will not be running.
RoslynAnalysisRunner has terminated.
Mono: successfully reloaded assembly
- Completed reload, in  0.713 seconds
Platform modules already initialized, skipping
Refreshing native plugins compatible for Editor in 0.33 ms, found 0 plugins.
Preloading 0 native plugins for Editor in 0.00 ms.
Unloading 1550 Unused Serialized files (Serialized files now loaded: 0)
System memory in use before: 84.7 MB.
System memory in use after: 84.8 MB.

Unloading 4 unused Assets to reduce memory usage. Loaded Objects now: 2183.
Total: 1.673200 ms (FindLiveObjects: 0.176500 ms CreateObjectMapping: 0.055700 ms MarkObjects: 1.425700 ms  DeleteObjects: 0.014100 ms)

========================================================================
Received Import Request.
  Time since last request: 218.727278 seconds.
  path: Assets/Scenes/Stage2.unity
  artifactKey: Guid(f1e13c89aa54d22468b841ac77ea4ce1) Importer(815301076,1909f56bfc062723c751e8b465ee728b)
Start importing Assets/Scenes/Stage2.unity using Guid(f1e13c89aa54d22468b841ac77ea4ce1) Importer(815301076,1909f56bfc062723c751e8b465ee728b)  -> (artifact id: 'f2a31c4c33390f1a69bb698051b451a8') in 0.011056 seconds
  Import took 0.014165 seconds .

========================================================================
Received Prepare
Registering precompiled user dll's ...
Registered in 0.000688 seconds.
Begin MonoManager ReloadAssembly
Native extension for WindowsStandalone target not found
Refreshing native plugins compatible for Editor in 0.31 ms, found 0 plugins.
Preloading 0 native plugins for Editor in 0.00 ms.
Invoked RoslynAnalysisRunner static constructor.
RoslynAnalysisRunner will not be running.
RoslynAnalysisRunner has terminated.
Mono: successfully reloaded assembly
- Completed reload, in  0.718 seconds
Platform modules already initialized, skipping
Refreshing native plugins compatible for Editor in 0.30 ms, found 0 plugins.
Preloading 0 native plugins for Editor in 0.00 ms.
Unloading 1550 Unused Serialized files (Serialized files now loaded: 0)
System memory in use before: 84.7 MB.
System memory in use after: 84.8 MB.

Unloading 4 unused Assets to reduce memory usage. Loaded Objects now: 2186.
Total: 1.626100 ms (FindLiveObjects: 0.151800 ms CreateObjectMapping: 0.049000 ms MarkObjects: 1.412900 ms  DeleteObjects: 0.011700 ms)

========================================================================
Received Import Request.
  Time since last request: 39.690085 seconds.
  path: Assets/Scenes/MapSelect.unity
  artifactKey: Guid(9384c7d44ad903e47bde829b8d0069cc) Importer(815301076,1909f56bfc062723c751e8b465ee728b)
Start importing Assets/Scenes/MapSelect.unity using Guid(9384c7d44ad903e47bde829b8d0069cc) Importer(815301076,1909f56bfc062723c751e8b465ee728b)  -> (artifact id: 'b6ea6d4ea8376a9ab24c7b8f10451e98') in 0.013665 seconds
  Import took 0.016729 seconds .

========================================================================
Received Prepare
Registering precompiled user dll's ...
Registered in 0.001153 seconds.
Begin MonoManager ReloadAssembly
Native extension for WindowsStandalone target not found
Refreshing native plugins compatible for Editor in 0.31 ms, found 0 plugins.
Preloading 0 native plugins for Editor in 0.00 ms.
Invoked RoslynAnalysisRunner static constructor.
RoslynAnalysisRunner will not be running.
RoslynAnalysisRunner has terminated.
Mono: successfully reloaded assembly
- Completed reload, in  0.712 seconds
Platform modules already initialized, skipping
Refreshing native plugins compatible for Editor in 0.30 ms, found 0 plugins.
Preloading 0 native plugins for Editor in 0.00 ms.
Unloading 1550 Unused Serialized files (Serialized files now loaded: 0)
System memory in use before: 84.7 MB.
System memory in use after: 84.8 MB.

Unloading 4 unused Assets to reduce memory usage. Loaded Objects now: 2189.
Total: 1.826800 ms (FindLiveObjects: 0.152700 ms CreateObjectMapping: 0.047200 ms MarkObjects: 1.611200 ms  DeleteObjects: 0.014700 ms)

========================================================================
Received Import Request.
  Time since last request: 272.478244 seconds.
  path: Assets/Scenes/Stage2.unity
  artifactKey: Guid(f1e13c89aa54d22468b841ac77ea4ce1) Importer(815301076,1909f56bfc062723c751e8b465ee728b)
Start importing Assets/Scenes/Stage2.unity using Guid(f1e13c89aa54d22468b841ac77ea4ce1) Importer(815301076,1909f56bfc062723c751e8b465ee728b)  -> (artifact id: '0cb20a6c0132e6f54f0d5aa49eabf8d2') in 0.014190 seconds
  Import took 0.017514 seconds .

========================================================================
Received Import Request.
  Time since last request: 1.639501 seconds.
  path: Assets/Scenes/Stage1.unity
  artifactKey: Guid(ae9b6a47e23273d4ab5627efbdc24de2) Importer(815301076,1909f56bfc062723c751e8b465ee728b)
Start importing Assets/Scenes/Stage1.unity using Guid(ae9b6a47e23273d4ab5627efbdc24de2) Importer(815301076,1909f56bfc062723c751e8b465ee728b)  -> (artifact id: 'd6b1b5b88ec3a1748055ffca32b6b75f') in 0.003792 seconds
  Import took 0.006204 seconds .

AssetImportWorkerClient::OnTransportError - code=2 error=End of file
